
[09/01/2013 10:52:34] - BASE PARA IMPORTACAO  Destino: host=127.0.0.1 
	 	                    dbname=portal_transparencia 
		                    port=5433 
		                    user=dbportal 
		                    password=
[09/01/2013 10:52:35] - BASE PARA IMPORTACAO Prefeitura: host=127.0.0.1 
                           dbname=cmbh 
                           port=5433 
                           user=dbportal 
                           password=
[09/01/2013 10:52:35] 
[09/01/2013 10:52:36] AVISO: Verificando Scripts em ./db/0
[09/01/2013 10:52:36] AVISO: Inserindo vers√£o 0 do schema da base de dados
[09/01/2013 10:52:36] AVISO: Carregando script 001.sql da vers√£o 0 na ordem de execu√ß√£o 1
[09/01/2013 10:52:36] AVISO: Verificando Scripts em ./db/1
[09/01/2013 10:52:36] AVISO: Inserindo vers√£o 1 do schema da base de dados
[09/01/2013 10:52:36] AVISO: Carregando script 001.sql da vers√£o 1 na ordem de execu√ß√£o 1
[09/01/2013 10:52:36] AVISO: Verificando Scripts em ./db/2
[09/01/2013 10:52:36] AVISO: Inserindo vers√£o 2 do schema da base de dados
[09/01/2013 10:52:36] AVISO: Carregando script 001.sql da vers√£o 2 na ordem de execu√ß√£o 1
[09/01/2013 10:52:36] AVISO: Verificando Scripts a serem aplicados na base de dados ... 
[09/01/2013 10:52:36] AVISO: Existe(m) 3 Script(s) para ser(em) aplicado(s) na base de dados ... 
[09/01/2013 10:52:36] AVISO: Aplicando script 001.sql da vers√£o 0 na ordem de execu√ß√£o 1
[09/01/2013 10:52:38] AVISO: Aplicando script 001.sql da vers√£o 1 na ordem de execu√ß√£o 1
[09/01/2013 10:52:38] AVISO: Aplicando script 001.sql da vers√£o 2 na ordem de execu√ß√£o 1
[09/01/2013 10:52:38] AVISO: Foi(ram) aplicado(s) 3 script(s) na base de dados ...
[09/01/2013 10:52:39] 
[09/01/2013 10:52:39] //--------------------------- CONFIGURA TABELA DE IMPORTA«√O---------------------------//
[09/01/2013 10:52:39] 
[09/01/2013 10:52:39] 
[09/01/2013 10:52:39] 
[09/01/2013 10:52:39] //-------------------------------- IMPORTA INSTITUI«’ES--------------------------------//
[09/01/2013 10:52:39] 
[09/01/2013 10:52:39] 
[09/01/2013 10:52:39] Total de Registros Encontrados : 2
[09/01/2013 10:52:39] 
[09/01/2013 10:52:39] //----------------------------------- IMPORTA ORG√OS-----------------------------------//
[09/01/2013 10:52:39] 
[09/01/2013 10:52:39] 
[09/01/2013 10:52:39] Total de Registros Encontrados : 20
[09/01/2013 10:52:39] 
[09/01/2013 10:52:39] //---------------------------------- IMPORTA UNIDADES----------------------------------//
[09/01/2013 10:52:39] 
[09/01/2013 10:52:39] 
[09/01/2013 10:52:39] Total de Registros Encontrados : 26
[09/01/2013 10:52:39] 
[09/01/2013 10:52:39] //---------------------------------- IMPORTA PROJETOS----------------------------------//
[09/01/2013 10:52:39] 
[09/01/2013 10:52:39] 
[09/01/2013 10:52:39] Total de Registros Encontrados : 20
[09/01/2013 10:52:39] 
[09/01/2013 10:52:39] //---------------------------------- IMPORTA FUN«’ES-----------------------------------//
[09/01/2013 10:52:39] 
[09/01/2013 10:52:39] 
[09/01/2013 10:52:39] Total de Registros Encontrados : 29
[09/01/2013 10:52:39] 
[09/01/2013 10:52:39] //--------------------------------- IMPORTA SUBFUN«’ES---------------------------------//
[09/01/2013 10:52:39] 
[09/01/2013 10:52:39] 
[09/01/2013 10:52:39] Total de Registros Encontrados : 111
[09/01/2013 10:52:39] 
[09/01/2013 10:52:39] //--------------------------------- IMPORTA PROGRAMAS----------------------------------//
[09/01/2013 10:52:39] 
[09/01/2013 10:52:39] 
[09/01/2013 10:52:39] Total de Registros Encontrados : 6
[09/01/2013 10:52:39] 
[09/01/2013 10:52:39] //---------------------------------- IMPORTA RECURSOS----------------------------------//
[09/01/2013 10:52:39] 
[09/01/2013 10:52:39] 
[09/01/2013 10:52:39] Total de Registros Encontrados : 7
[09/01/2013 10:52:39] 
[09/01/2013 10:52:39] //-------------------------------- IMPORTA PLANOCONTAS---------------------------------//
[09/01/2013 10:52:39] 
[09/01/2013 10:52:39] 
[09/01/2013 10:52:40] Total de Registros Encontrados : 15373
[09/01/2013 10:52:46] 
[09/01/2013 10:52:46] //---------------------------------- IMPORTA RECEITAS----------------------------------//
[09/01/2013 10:52:46] 
[09/01/2013 10:52:46] 
[09/01/2013 10:52:46] Total de Registros Encontrados : 22
[09/01/2013 10:52:47] 
[09/01/2013 10:52:47] //------------------------- IMPORTA MOVIMENTA«’ES DAS RECEITAS-------------------------//
[09/01/2013 10:52:47] 
[09/01/2013 10:52:47] 
[09/01/2013 10:52:47] Nenhum recurso encontrado!
[09/01/2013 10:52:47] 
[09/01/2013 10:52:47] //----------------------------- FIM PROCESSAMENTO COM ERRO-----------------------------//
[09/01/2013 10:52:47] 
[09/01/2013 10:52:47] 