
[29/08/2011 14:51:52] - BASE PARA IMPORTACAO Prefeitura: host=localhost 
                dbname=ammesf 
                port=5432 
                user=dbportal 
                password=
[29/08/2011 14:51:52] 
[29/08/2011 14:51:52] *** INICIO Script 01_executa_correcoes.php ***
[29/08/2011 14:51:52] 
[29/08/2011 14:51:52] Arquivo de Log: log/01_executa_correcoes.php_20110829_145152.log
[29/08/2011 14:51:52]     Script PHP: 01_executa_correcoes.php
[29/08/2011 14:51:52] 
[29/08/2011 14:51:52] Iniciando Sessao
[29/08/2011 14:51:52] Setando Variáveis da Sessao
[29/08/2011 14:51:52] Iniciando Processamento 
[29/08/2011 14:51:52] Processando Script: CorrigeMovimentacaoSemInicio.path.php com Commit
[29/08/2011 14:51:52] Script: CorrigeMovimentacaoSemInicio - Processamento efetuado com Sucesso ............................................................................ [  OK  ]
[29/08/2011 14:51:52] 
[29/08/2011 14:51:52] Processando Script: CorrigeTransferenciasAtendidas.path.php com Commit
[29/08/2011 14:51:52] Script: CorrigeTransferenciasAtendidas - Processamento efetuado com Sucesso .......................................................................... [  OK  ]
[29/08/2011 14:51:52] 
[29/08/2011 14:51:52] Processando Script: CorrigeTransferenciasDataErrada.path.php com Commit
[29/08/2011 14:51:52] Script: CorrigeTransferenciasDataErrada - Processamento efetuado com Sucesso ......................................................................... [  OK  ]
[29/08/2011 14:51:52] 
[29/08/2011 14:51:52] Processando Script: SaidaAntesEntrada.path.php com Commit
[29/08/2011 14:51:52] Script: SaidaAntesEntrada - Processamento efetuado com Sucesso ....................................................................................... [  OK  ]
[29/08/2011 14:51:52] 
[29/08/2011 14:51:52] Processando Script: CorrigeEstoqueNegativo.path.php com Commit
[29/08/2011 14:51:52] Script: CorrigeEstoqueNegativo - Processamento efetuado com Sucesso .................................................................................. [  OK  ]
[29/08/2011 14:51:52] 
[29/08/2011 14:51:52] Processando Script: CorrigeTransferenciasSemSaldo.path.php com Commit
[29/08/2011 14:51:52] Script: CorrigeTransferenciasSemSaldo - Processamento efetuado com Sucesso ........................................................................... [  OK  ]
[29/08/2011 14:51:52] 
[29/08/2011 14:51:52] Inicio: 14:51:52
[29/08/2011 14:51:52] Final.: 14:51:52
[29/08/2011 14:51:52] 
[29/08/2011 14:51:52] *** FINAL Script 01_executa_correcoes.php ***
[29/08/2011 14:51:52] 