
[29/08/2011 16:52:12] - BASE PARA IMPORTACAO Prefeitura: host=localhost 
                dbname=cmbocaiuva 
                port=5432 
                user=dbportal 
                password=
[29/08/2011 16:52:12] 
[29/08/2011 16:52:12] *** INICIO Script 01_executa_correcoes.php ***
[29/08/2011 16:52:12] 
[29/08/2011 16:52:12] Arquivo de Log: log/01_executa_correcoes.php_20110829_165212.log
[29/08/2011 16:52:12]     Script PHP: 01_executa_correcoes.php
[29/08/2011 16:52:12] 
[29/08/2011 16:52:12] Iniciando Sessao
[29/08/2011 16:52:12] Setando Variáveis da Sessao
[29/08/2011 16:52:12] Iniciando Processamento 
[29/08/2011 16:52:12] Processando Script: CorrigeMovimentacaoSemInicio.path.php com Commit
[29/08/2011 16:52:12] Script: CorrigeMovimentacaoSemInicio - Processamento efetuado com Sucesso ............................................................................ [  OK  ]
[29/08/2011 16:52:12] 
[29/08/2011 16:52:12] Processando Script: CorrigeTransferenciasAtendidas.path.php com Commit
[29/08/2011 16:52:12] Script: CorrigeTransferenciasAtendidas - Processamento efetuado com Sucesso .......................................................................... [  OK  ]
[29/08/2011 16:52:12] 
[29/08/2011 16:52:12] Processando Script: CorrigeTransferenciasDataErrada.path.php com Commit
[29/08/2011 16:52:12] Script: CorrigeTransferenciasDataErrada - Processamento efetuado com Sucesso ......................................................................... [  OK  ]
[29/08/2011 16:52:12] 
[29/08/2011 16:52:12] Processando Script: SaidaAntesEntrada.path.php com Commit
[29/08/2011 16:52:12] Script: SaidaAntesEntrada - Processamento efetuado com Sucesso ....................................................................................... [  OK  ]
[29/08/2011 16:52:12] 
[29/08/2011 16:52:12] Processando Script: CorrigeEstoqueNegativo.path.php com Commit
[29/08/2011 16:52:12] Script: CorrigeEstoqueNegativo - Processamento efetuado com Sucesso .................................................................................. [  OK  ]
[29/08/2011 16:52:12] 
[29/08/2011 16:52:12] Processando Script: CorrigeTransferenciasSemSaldo.path.php com Commit
[29/08/2011 16:52:12] Script: CorrigeTransferenciasSemSaldo - Processamento efetuado com Sucesso ........................................................................... [  OK  ]
[29/08/2011 16:52:12] 
[29/08/2011 16:52:12] Inicio: 16:52:12
[29/08/2011 16:52:12] Final.: 16:52:12
[29/08/2011 16:52:12] 
[29/08/2011 16:52:12] *** FINAL Script 01_executa_correcoes.php ***
[29/08/2011 16:52:12] 