
[30/08/2011 08:37:17] - BASE PARA IMPORTACAO Prefeitura: host=localhost 
                dbname=cmverdelandia 
                port=5432 
                user=dbportal 
                password=
[30/08/2011 08:37:17] 
[30/08/2011 08:37:17] *** INICIO Script 01_executa_correcoes.php ***
[30/08/2011 08:37:17] 
[30/08/2011 08:37:17] Arquivo de Log: log/01_executa_correcoes.php_20110830_083717.log
[30/08/2011 08:37:17]     Script PHP: 01_executa_correcoes.php
[30/08/2011 08:37:17] 
[30/08/2011 08:37:17] Iniciando Sessao
[30/08/2011 08:37:17] Setando Variáveis da Sessao
[30/08/2011 08:37:17] Iniciando Processamento 
[30/08/2011 08:37:17] Processando Script: CorrigeMovimentacaoSemInicio.path.php com Commit
[30/08/2011 08:37:17] Script: CorrigeMovimentacaoSemInicio - Processamento efetuado com Sucesso ............................................................................ [  OK  ]
[30/08/2011 08:37:17] 
[30/08/2011 08:37:17] Processando Script: CorrigeTransferenciasAtendidas.path.php com Commit
[30/08/2011 08:37:17] Script: CorrigeTransferenciasAtendidas - Processamento efetuado com Sucesso .......................................................................... [  OK  ]
[30/08/2011 08:37:17] 
[30/08/2011 08:37:17] Processando Script: CorrigeTransferenciasDataErrada.path.php com Commit
[30/08/2011 08:37:17] Script: CorrigeTransferenciasDataErrada - Processamento efetuado com Sucesso ......................................................................... [  OK  ]
[30/08/2011 08:37:17] 
[30/08/2011 08:37:17] Processando Script: SaidaAntesEntrada.path.php com Commit
[30/08/2011 08:37:17] Script: SaidaAntesEntrada - Processamento efetuado com Sucesso ....................................................................................... [  OK  ]
[30/08/2011 08:37:17] 
[30/08/2011 08:37:18] Processando Script: CorrigeEstoqueNegativo.path.php com Commit
[30/08/2011 08:37:18] Script: CorrigeEstoqueNegativo - Processamento efetuado com Sucesso .................................................................................. [  OK  ]
[30/08/2011 08:37:18] 
[30/08/2011 08:37:18] Processando Script: CorrigeTransferenciasSemSaldo.path.php com Commit
[30/08/2011 08:37:18] Script: CorrigeTransferenciasSemSaldo - Processamento efetuado com Sucesso ........................................................................... [  OK  ]
[30/08/2011 08:37:18] 
[30/08/2011 08:37:18] Inicio: 08:37:17
[30/08/2011 08:37:18] Final.: 08:37:18
[30/08/2011 08:37:18] 
[30/08/2011 08:37:18] *** FINAL Script 01_executa_correcoes.php ***
[30/08/2011 08:37:18] 