
[29/08/2011 16:12:05] - BASE PARA IMPORTACAO Prefeitura: host=localhost 
                dbname=cmsjponte 
                port=5432 
                user=dbportal 
                password=
[29/08/2011 16:12:05] 
[29/08/2011 16:12:05] *** INICIO Script 01_executa_correcoes.php ***
[29/08/2011 16:12:05] 
[29/08/2011 16:12:05] Arquivo de Log: log/01_executa_correcoes.php_20110829_161205.log
[29/08/2011 16:12:05]     Script PHP: 01_executa_correcoes.php
[29/08/2011 16:12:05] 
[29/08/2011 16:12:05] Iniciando Sessao
[29/08/2011 16:12:05] Setando Variáveis da Sessao
[29/08/2011 16:12:05] Iniciando Processamento 
[29/08/2011 16:12:05] Processando Script: CorrigeMovimentacaoSemInicio.path.php com Commit
[29/08/2011 16:12:05] Script: CorrigeMovimentacaoSemInicio - Processamento efetuado com Sucesso ............................................................................ [  OK  ]
[29/08/2011 16:12:05] 
[29/08/2011 16:12:05] Processando Script: CorrigeTransferenciasAtendidas.path.php com Commit
[29/08/2011 16:12:05] Script: CorrigeTransferenciasAtendidas - Processamento efetuado com Sucesso .......................................................................... [  OK  ]
[29/08/2011 16:12:05] 
[29/08/2011 16:12:05] Processando Script: CorrigeTransferenciasDataErrada.path.php com Commit
[29/08/2011 16:12:05] Script: CorrigeTransferenciasDataErrada - Processamento efetuado com Sucesso ......................................................................... [  OK  ]
[29/08/2011 16:12:05] 
[29/08/2011 16:12:05] Processando Script: SaidaAntesEntrada.path.php com Commit
[29/08/2011 16:12:05] Script: SaidaAntesEntrada - Processamento efetuado com Sucesso ....................................................................................... [  OK  ]
[29/08/2011 16:12:05] 
[29/08/2011 16:12:05] Processando Script: CorrigeEstoqueNegativo.path.php com Commit
[29/08/2011 16:12:05] Script: CorrigeEstoqueNegativo - Processamento efetuado com Sucesso .................................................................................. [  OK  ]
[29/08/2011 16:12:05] 
[29/08/2011 16:12:05] Processando Script: CorrigeTransferenciasSemSaldo.path.php com Commit
[29/08/2011 16:12:05] Script: CorrigeTransferenciasSemSaldo - Processamento efetuado com Sucesso ........................................................................... [  OK  ]
[29/08/2011 16:12:05] 
[29/08/2011 16:12:05] Inicio: 16:12:05
[29/08/2011 16:12:05] Final.: 16:12:05
[29/08/2011 16:12:05] 
[29/08/2011 16:12:05] *** FINAL Script 01_executa_correcoes.php ***
[29/08/2011 16:12:05] 