
[29/08/2011 17:45:42] - BASE PARA IMPORTACAO Prefeitura: host=localhost 
                dbname=cmmirabela 
                port=5432 
                user=dbportal 
                password=
[29/08/2011 17:45:42] 
[29/08/2011 17:45:42] *** INICIO Script 01_executa_correcoes.php ***
[29/08/2011 17:45:42] 
[29/08/2011 17:45:42] Arquivo de Log: log/01_executa_correcoes.php_20110829_174542.log
[29/08/2011 17:45:42]     Script PHP: 01_executa_correcoes.php
[29/08/2011 17:45:42] 
[29/08/2011 17:45:42] Iniciando Sessao
[29/08/2011 17:45:43] Setando Variáveis da Sessao
[29/08/2011 17:45:43] Iniciando Processamento 
[29/08/2011 17:45:43] Processando Script: CorrigeMovimentacaoSemInicio.path.php com Commit
[29/08/2011 17:45:43] Script: CorrigeMovimentacaoSemInicio - Processamento efetuado com Sucesso ............................................................................ [  OK  ]
[29/08/2011 17:45:43] 
[29/08/2011 17:45:43] Processando Script: CorrigeTransferenciasAtendidas.path.php com Commit
[29/08/2011 17:45:43] Script: CorrigeTransferenciasAtendidas - Processamento efetuado com Sucesso .......................................................................... [  OK  ]
[29/08/2011 17:45:43] 
[29/08/2011 17:45:43] Processando Script: CorrigeTransferenciasDataErrada.path.php com Commit
[29/08/2011 17:45:43] Script: CorrigeTransferenciasDataErrada - Processamento efetuado com Sucesso ......................................................................... [  OK  ]
[29/08/2011 17:45:43] 
[29/08/2011 17:45:43] Processando Script: SaidaAntesEntrada.path.php com Commit
[29/08/2011 17:45:43] Script: SaidaAntesEntrada - Processamento efetuado com Sucesso ....................................................................................... [  OK  ]
[29/08/2011 17:45:43] 
[29/08/2011 17:45:43] Processando Script: CorrigeEstoqueNegativo.path.php com Commit
[29/08/2011 17:45:43] Script: CorrigeEstoqueNegativo - Processamento efetuado com Sucesso .................................................................................. [  OK  ]
[29/08/2011 17:45:43] 
[29/08/2011 17:45:43] Processando Script: CorrigeTransferenciasSemSaldo.path.php com Commit
[29/08/2011 17:45:43] Script: CorrigeTransferenciasSemSaldo - Processamento efetuado com Sucesso ........................................................................... [  OK  ]
[29/08/2011 17:45:43] 
[29/08/2011 17:45:43] Inicio: 17:45:42
[29/08/2011 17:45:43] Final.: 17:45:43
[29/08/2011 17:45:43] 
[29/08/2011 17:45:43] *** FINAL Script 01_executa_correcoes.php ***
[29/08/2011 17:45:43] 